Analysis & Synthesis report for DE1_SoC
Fri Feb 11 21:46:00 2022
Quartus Prime Version 17.0.0 Build 595 04/25/2017 SJ Lite Edition


---------------------
; Table of Contents ;
---------------------
  1. Legal Notice
  2. Analysis & Synthesis Summary
  3. Analysis & Synthesis Settings
  4. Parallel Compilation
  5. Analysis & Synthesis Messages
  6. Analysis & Synthesis Suppressed Messages



----------------
; Legal Notice ;
----------------
Copyright (C) 2017  Intel Corporation. All rights reserved.
Your use of Intel Corporation's design tools, logic functions 
and other software and tools, and its AMPP partner logic 
functions, and any output files from any of the foregoing 
(including device programming or simulation files), and any 
associated documentation or information are expressly subject 
to the terms and conditions of the Intel Program License 
Subscription Agreement, the Intel Quartus Prime License Agreement,
the Intel MegaCore Function License Agreement, or other 
applicable license agreement, including, without limitation, 
that your use is for the sole purpose of programming logic 
devices manufactured by Intel and sold by Intel or its 
authorized distributors.  Please refer to the applicable 
agreement for further details.



+---------------------------------------------------------------------------+
; Analysis & Synthesis Summary                                              ;
+-----------------------------+---------------------------------------------+
; Analysis & Synthesis Status ; Failed - Fri Feb 11 21:46:00 2022           ;
; Quartus Prime Version       ; 17.0.0 Build 595 04/25/2017 SJ Lite Edition ;
; Revision Name               ; DE1_SoC                                     ;
; Top-level Entity Name       ; alu                                         ;
; Family                      ; Cyclone V                                   ;
; Logic utilization (in ALMs) ; N/A until Partition Merge                   ;
; Total registers             ; N/A until Partition Merge                   ;
; Total pins                  ; N/A until Partition Merge                   ;
; Total virtual pins          ; N/A until Partition Merge                   ;
; Total block memory bits     ; N/A until Partition Merge                   ;
; Total PLLs                  ; N/A until Partition Merge                   ;
; Total DLLs                  ; N/A until Partition Merge                   ;
+-----------------------------+---------------------------------------------+


+---------------------------------------------------------------------------------------------------------------------------+
; Analysis & Synthesis Settings                                                                                             ;
+---------------------------------------------------------------------------------+--------------------+--------------------+
; Option                                                                          ; Setting            ; Default Value      ;
+---------------------------------------------------------------------------------+--------------------+--------------------+
; Device                                                                          ; 5CSEMA5F31C6       ;                    ;
; Top-level entity name                                                           ; alu                ; DE1_SoC            ;
; Family name                                                                     ; Cyclone V          ; Cyclone V          ;
; State Machine Processing                                                        ; User-Encoded       ; Auto               ;
; Use smart compilation                                                           ; Off                ; Off                ;
; Enable parallel Assembler and TimeQuest Timing Analyzer during compilation      ; On                 ; On                 ;
; Enable compact report table                                                     ; Off                ; Off                ;
; Restructure Multiplexers                                                        ; Auto               ; Auto               ;
; MLAB Add Timing Constraints For Mixed-Port Feed-Through Mode Setting Don't Care ; Off                ; Off                ;
; Create Debugging Nodes for IP Cores                                             ; Off                ; Off                ;
; Preserve fewer node names                                                       ; On                 ; On                 ;
; OpenCore Plus hardware evaluation                                               ; Enable             ; Enable             ;
; Verilog Version                                                                 ; Verilog_2001       ; Verilog_2001       ;
; VHDL Version                                                                    ; VHDL_1993          ; VHDL_1993          ;
; Safe State Machine                                                              ; Off                ; Off                ;
; Extract Verilog State Machines                                                  ; On                 ; On                 ;
; Extract VHDL State Machines                                                     ; On                 ; On                 ;
; Ignore Verilog initial constructs                                               ; Off                ; Off                ;
; Iteration limit for constant Verilog loops                                      ; 5000               ; 5000               ;
; Iteration limit for non-constant Verilog loops                                  ; 250                ; 250                ;
; Add Pass-Through Logic to Inferred RAMs                                         ; On                 ; On                 ;
; Infer RAMs from Raw Logic                                                       ; On                 ; On                 ;
; Parallel Synthesis                                                              ; On                 ; On                 ;
; DSP Block Balancing                                                             ; Auto               ; Auto               ;
; NOT Gate Push-Back                                                              ; On                 ; On                 ;
; Power-Up Don't Care                                                             ; On                 ; On                 ;
; Remove Redundant Logic Cells                                                    ; Off                ; Off                ;
; Remove Duplicate Registers                                                      ; On                 ; On                 ;
; Ignore CARRY Buffers                                                            ; Off                ; Off                ;
; Ignore CASCADE Buffers                                                          ; Off                ; Off                ;
; Ignore GLOBAL Buffers                                                           ; Off                ; Off                ;
; Ignore ROW GLOBAL Buffers                                                       ; Off                ; Off                ;
; Ignore LCELL Buffers                                                            ; Off                ; Off                ;
; Ignore SOFT Buffers                                                             ; On                 ; On                 ;
; Limit AHDL Integers to 32 Bits                                                  ; Off                ; Off                ;
; Optimization Technique                                                          ; Balanced           ; Balanced           ;
; Carry Chain Length                                                              ; 70                 ; 70                 ;
; Auto Carry Chains                                                               ; On                 ; On                 ;
; Auto Open-Drain Pins                                                            ; On                 ; On                 ;
; Perform WYSIWYG Primitive Resynthesis                                           ; Off                ; Off                ;
; Auto ROM Replacement                                                            ; On                 ; On                 ;
; Auto RAM Replacement                                                            ; On                 ; On                 ;
; Auto DSP Block Replacement                                                      ; On                 ; On                 ;
; Auto Shift Register Replacement                                                 ; Auto               ; Auto               ;
; Allow Shift Register Merging across Hierarchies                                 ; Auto               ; Auto               ;
; Auto Clock Enable Replacement                                                   ; On                 ; On                 ;
; Strict RAM Replacement                                                          ; Off                ; Off                ;
; Allow Synchronous Control Signals                                               ; On                 ; On                 ;
; Force Use of Synchronous Clear Signals                                          ; Off                ; Off                ;
; Auto Resource Sharing                                                           ; Off                ; Off                ;
; Allow Any RAM Size For Recognition                                              ; Off                ; Off                ;
; Allow Any ROM Size For Recognition                                              ; Off                ; Off                ;
; Allow Any Shift Register Size For Recognition                                   ; Off                ; Off                ;
; Use LogicLock Constraints during Resource Balancing                             ; On                 ; On                 ;
; Ignore translate_off and synthesis_off directives                               ; Off                ; Off                ;
; Timing-Driven Synthesis                                                         ; On                 ; On                 ;
; Report Parameter Settings                                                       ; On                 ; On                 ;
; Report Source Assignments                                                       ; On                 ; On                 ;
; Report Connectivity Checks                                                      ; On                 ; On                 ;
; Ignore Maximum Fan-Out Assignments                                              ; Off                ; Off                ;
; Synchronization Register Chain Length                                           ; 3                  ; 3                  ;
; PowerPlay Power Optimization During Synthesis                                   ; Normal compilation ; Normal compilation ;
; HDL message level                                                               ; Level2             ; Level2             ;
; Suppress Register Optimization Related Messages                                 ; Off                ; Off                ;
; Number of Removed Registers Reported in Synthesis Report                        ; 5000               ; 5000               ;
; Number of Swept Nodes Reported in Synthesis Report                              ; 5000               ; 5000               ;
; Number of Inverted Registers Reported in Synthesis Report                       ; 100                ; 100                ;
; Clock MUX Protection                                                            ; On                 ; On                 ;
; Auto Gated Clock Conversion                                                     ; Off                ; Off                ;
; Block Design Naming                                                             ; Auto               ; Auto               ;
; SDC constraint protection                                                       ; Off                ; Off                ;
; Synthesis Effort                                                                ; Auto               ; Auto               ;
; Shift Register Replacement - Allow Asynchronous Clear Signal                    ; On                 ; On                 ;
; Pre-Mapping Resynthesis Optimization                                            ; Off                ; Off                ;
; Analysis & Synthesis Message Level                                              ; Medium             ; Medium             ;
; Disable Register Merging Across Hierarchies                                     ; Auto               ; Auto               ;
; Resource Aware Inference For Block RAM                                          ; On                 ; On                 ;
; Automatic Parallel Synthesis                                                    ; On                 ; On                 ;
; Partial Reconfiguration Bitstream ID                                            ; Off                ; Off                ;
+---------------------------------------------------------------------------------+--------------------+--------------------+


+------------------------------------------+
; Parallel Compilation                     ;
+----------------------------+-------------+
; Processors                 ; Number      ;
+----------------------------+-------------+
; Number detected on machine ; 12          ;
; Maximum allowed            ; 6           ;
;                            ;             ;
; Average used               ; 1.00        ;
; Maximum used               ; 1           ;
;                            ;             ;
; Usage by Processor         ; % Time Used ;
;     Processor 1            ; 100.0%      ;
+----------------------------+-------------+


+-------------------------------+
; Analysis & Synthesis Messages ;
+-------------------------------+
Info: *******************************************************************
Info: Running Quartus Prime Analysis & Synthesis
    Info: Version 17.0.0 Build 595 04/25/2017 SJ Lite Edition
    Info: Processing started: Fri Feb 11 21:45:49 2022
Info: Command: quartus_map --read_settings_files=on --write_settings_files=off DE1_SoC -c DE1_SoC
Info (20030): Parallel compilation is enabled and will use 6 of the 6 processors detected
Info (12021): Found 2 design units, including 2 entities, in source file multiplexor2to1.sv
    Info (12023): Found entity 1: multiplexor2to1 File: D:/EE/ee469labs/lab3/multiplexor2to1.sv Line: 7
    Info (12023): Found entity 2: multiplexor2to1_testbench File: D:/EE/ee469labs/lab3/multiplexor2to1.sv Line: 21
Info (12021): Found 1 design units, including 1 entities, in source file fulladder.sv
    Info (12023): Found entity 1: fullAdder File: D:/EE/ee469labs/lab3/fullAdder.sv Line: 11
Info (12021): Found 1 design units, including 1 entities, in source file d_ff.sv
    Info (12023): Found entity 1: D_FF File: D:/EE/ee469labs/lab3/D_FF.sv Line: 1
Info (12021): Found 1 design units, including 1 entities, in source file multiplexors/multiplexor8to1.sv
    Info (12023): Found entity 1: multiplexor8to1 File: D:/EE/ee469labs/lab3/multiplexors/multiplexor8to1.sv Line: 7
Info (12021): Found 2 design units, including 2 entities, in source file controlsignals.sv
    Info (12023): Found entity 1: controlSignals File: D:/EE/ee469labs/lab3/controlSignals.sv Line: 9
    Info (12023): Found entity 2: controlSignals_testbench File: D:/EE/ee469labs/lab3/controlSignals.sv Line: 161
Info (12021): Found 2 design units, including 2 entities, in source file alu/nor_in64.sv
    Info (12023): Found entity 1: nor_in64 File: D:/EE/ee469labs/lab3/alu/nor_in64.sv Line: 8
    Info (12023): Found entity 2: nor_in64_testbench File: D:/EE/ee469labs/lab3/alu/nor_in64.sv Line: 30
Info (12021): Found 4 design units, including 4 entities, in source file alu/math.sv
    Info (12023): Found entity 1: mult File: D:/EE/ee469labs/lab3/alu/math.sv Line: 6
    Info (12023): Found entity 2: shifter File: D:/EE/ee469labs/lab3/alu/math.sv Line: 36
    Info (12023): Found entity 3: shifter_testbench File: D:/EE/ee469labs/lab3/alu/math.sv Line: 51
    Info (12023): Found entity 4: mult_testbench File: D:/EE/ee469labs/lab3/alu/math.sv Line: 71
Info (12021): Found 2 design units, including 2 entities, in source file alu/alu_1bit_slice.sv
    Info (12023): Found entity 1: alu_1bit_slice File: D:/EE/ee469labs/lab3/alu/alu_1bit_slice.sv Line: 21
    Info (12023): Found entity 2: alu1bit_test File: D:/EE/ee469labs/lab3/alu/alu_1bit_slice.sv Line: 79
Info (12021): Found 1 design units, including 1 entities, in source file alu/alu.sv
    Info (12023): Found entity 1: alu File: D:/EE/ee469labs/lab3/alu/alu.sv Line: 10
Info (12021): Found 2 design units, including 2 entities, in source file decoders/decoder5to32.sv
    Info (12023): Found entity 1: decoder5to32 File: D:/EE/ee469labs/lab3/decoders/decoder5to32.sv Line: 2
    Info (12023): Found entity 2: decoder5to32_testbench File: D:/EE/ee469labs/lab3/decoders/decoder5to32.sv Line: 17
Info (12021): Found 1 design units, including 1 entities, in source file decoders/decoder4to16.sv
    Info (12023): Found entity 1: decoder4to16 File: D:/EE/ee469labs/lab3/decoders/decoder4to16.sv Line: 2
Info (12021): Found 2 design units, including 2 entities, in source file decoders/decoder2to4.sv
    Info (12023): Found entity 1: decoder2to4 File: D:/EE/ee469labs/lab3/decoders/decoder2to4.sv Line: 2
    Info (12023): Found entity 2: decoder2to4_testbench File: D:/EE/ee469labs/lab3/decoders/decoder2to4.sv Line: 17
Info (12021): Found 2 design units, including 2 entities, in source file decoders/decoder1to2.sv
    Info (12023): Found entity 1: decoder1to2 File: D:/EE/ee469labs/lab3/decoders/decoder1to2.sv Line: 4
    Info (12023): Found entity 2: decoder1to2_testbench File: D:/EE/ee469labs/lab3/decoders/decoder1to2.sv Line: 15
Info (12021): Found 1 design units, including 1 entities, in source file multiplexors/multiplexor64of32to1.sv
    Info (12023): Found entity 1: multiplexor64of32to1 File: D:/EE/ee469labs/lab3/multiplexors/multiplexor64of32to1.sv Line: 3
Info (12021): Found 2 design units, including 2 entities, in source file multiplexors/multiplexor32to1.sv
    Info (12023): Found entity 1: multiplexor32to1 File: D:/EE/ee469labs/lab3/multiplexors/multiplexor32to1.sv Line: 7
    Info (12023): Found entity 2: mux32_1_testbench File: D:/EE/ee469labs/lab3/multiplexors/multiplexor32to1.sv Line: 19
Info (12021): Found 2 design units, including 2 entities, in source file multiplexors/multiplexor16to1.sv
    Info (12023): Found entity 1: multiplexor16to1 File: D:/EE/ee469labs/lab3/multiplexors/multiplexor16to1.sv Line: 7
    Info (12023): Found entity 2: mux16_1_testbench File: D:/EE/ee469labs/lab3/multiplexors/multiplexor16to1.sv Line: 23
Info (12021): Found 2 design units, including 2 entities, in source file multiplexors/multiplexor4to1.sv
    Info (12023): Found entity 1: multiplexor4to1 File: D:/EE/ee469labs/lab3/multiplexors/multiplexor4to1.sv Line: 8
    Info (12023): Found entity 2: mux4_1_testbench File: D:/EE/ee469labs/lab3/multiplexors/multiplexor4to1.sv Line: 21
Info (12021): Found 1 design units, including 1 entities, in source file registers/regfile.sv
    Info (12023): Found entity 1: regfile File: D:/EE/ee469labs/lab3/registers/regfile.sv Line: 12
Info (12021): Found 2 design units, including 2 entities, in source file instructmem.sv
    Info (12023): Found entity 1: instructmem File: D:/EE/ee469labs/lab3/instructmem.sv Line: 17
    Info (12023): Found entity 2: instructmem_testbench File: D:/EE/ee469labs/lab3/instructmem.sv Line: 57
Info (12021): Found 2 design units, including 2 entities, in source file datamem.sv
    Info (12023): Found entity 1: datamem File: D:/EE/ee469labs/lab3/datamem.sv Line: 12
    Info (12023): Found entity 2: datamem_testbench File: D:/EE/ee469labs/lab3/datamem.sv Line: 70
Warning (12019): Can't analyze file -- file DE1_SoC.sv is missing
Info (12021): Found 2 design units, including 2 entities, in source file instructionpath.sv
    Info (12023): Found entity 1: instructionPath File: D:/EE/ee469labs/lab3/instructionPath.sv Line: 3
    Info (12023): Found entity 2: instructionPath_testbench File: D:/EE/ee469labs/lab3/instructionPath.sv Line: 40
Info (12021): Found 2 design units, including 2 entities, in source file signextender.sv
    Info (12023): Found entity 1: signExtender File: D:/EE/ee469labs/lab3/signExtender.sv Line: 2
    Info (12023): Found entity 2: signExtender_testbench File: D:/EE/ee469labs/lab3/signExtender.sv Line: 18
Info (12021): Found 1 design units, including 1 entities, in source file fulladder_64bit.sv
    Info (12023): Found entity 1: fullAdder_64bit File: D:/EE/ee469labs/lab3/fullAdder_64bit.sv Line: 2
Info (12021): Found 1 design units, including 1 entities, in source file mux64_2to1.sv
    Info (12023): Found entity 1: mux64_2to1 File: D:/EE/ee469labs/lab3/mux64_2to1.sv Line: 1
Info (12021): Found 1 design units, including 1 entities, in source file dffs_64.sv
    Info (12023): Found entity 1: DFFs_64 File: D:/EE/ee469labs/lab3/DFFs_64.sv Line: 1
Info (12021): Found 1 design units, including 1 entities, in source file datapath.sv
    Info (12023): Found entity 1: dataPath File: D:/EE/ee469labs/lab3/dataPath.sv Line: 5
Error (10206): Verilog HDL Module Declaration error at dataPath.sv(20): top module port "ALUResult" is not found in the port list File: D:/EE/ee469labs/lab3/dataPath.sv Line: 20
Critical Warning (10846): Verilog HDL Instantiation warning at dataPath.sv(68): instance has no name File: D:/EE/ee469labs/lab3/dataPath.sv Line: 68
Info (144001): Generated suppressed messages file D:/EE/ee469labs/lab3/output_files/DE1_SoC.map.smsg
Error: Quartus Prime Analysis & Synthesis was unsuccessful. 1 error, 2 warnings
    Error: Peak virtual memory: 4768 megabytes
    Error: Processing ended: Fri Feb 11 21:46:01 2022
    Error: Elapsed time: 00:00:12
    Error: Total CPU time (on all processors): 00:00:27


+------------------------------------------+
; Analysis & Synthesis Suppressed Messages ;
+------------------------------------------+
The suppressed messages can be found in D:/EE/ee469labs/lab3/output_files/DE1_SoC.map.smsg.


